Arguments: 
  /home/lobovh/.nvm/versions/node/v16.13.2/bin/node /home/lobovh/.nvm/versions/node/v16.13.2/bin/yarn

PATH: 
  /home/lobovh/.local/share/solana/install/active_release/bin:/home/lobovh/.cargo/bin:/home/lobovh/.nvm/versions/node/v16.13.2/bin:/usr/local/sbin:/usr/local/bin:/usr/sbin:/usr/bin:/sbin:/bin:/usr/games:/usr/local/games:/usr/lib/wsl/lib:/mnt/c/Program Files/WindowsApps/CanonicalGroupLimited.Ubuntu20.04onWindows_2004.2021.825.0_x64__79rhkp1fndgsc:/mnt/c/Users/heera lobo/AppData/Local/Programs/Python/Python310/Scripts/:/mnt/c/Program Files/Common Files/Oracle/Java/javapath:/mnt/c/Users/heera lobo/AppData/Local/atom:/mnt/c/Program Files (x86)/Intel/iCLS Client/:/mnt/c/Program Files/Intel/iCLS Client/:/mnt/c/WINDOWS/system32:/mnt/c/WINDOWS:/mnt/c/WINDOWS/System32/Wbem:/mnt/c/WINDOWS/System32/WindowsPowerShell/v1.0/:/mnt/c/Program Files/Intel/Intel(R) Management Engine Components/DAL:/mnt/c/Program Files (x86)/Intel/Intel(R) Management Engine Components/DAL:/mnt/c/Program Files/Intel/Intel(R) Management Engine Components/IPT:/mnt/c/Program Files (x86)/Intel/Intel(R) Management Engine Components/IPT:/mnt/c/Program Files/Intel/WiFi/bin/:/mnt/c/Program Files/Common Files/Intel/WirelessCommon/:/mnt/c/Program Files (x86)/Common Files/lenovo/easyplussdk/bin:/mnt/c/Program Files/Java/jdk1.7.0_03/bin:/mnt/c/WINDOWS/System32/OpenSSH/:/mnt/c/Program Files/Geth:/mnt/c/ProgramData/chocolatey/bin:/mnt/c/Program Files/Microsoft VS Code/bin:/mnt/c/Users/heera lobo/AppData/Local/atom/bin:/mnt/c/Users/heera lobo/AppData/Local/atom/app-1.56.0/resources/cli:/mnt/c/Program Files/Git/cmd:/mnt/c/Program Files/nodejs/:/mnt/c/Users/heera lobo/AppData/Roaming/nvm:/mnt/c/Program Files/nodejs:/mnt/c/Program Files/Docker/Docker/resources/bin:/mnt/c/ProgramData/DockerDesktop/version-bin:/mnt/c/Users/heera lobo/AppData/Local/Programs/Python/Python310/:/mnt/c/Users/heera lobo:/mnt/c/Users/heera lobo/AppData/Local/Microsoft/WindowsApps:/snap/bin

Yarn version: 
  1.22.17

Node version: 
  16.13.2

Platform: 
  linux x64

Trace: 
  Error: getaddrinfo EAI_AGAIN registry.yarnpkg.com
      at GetAddrInfoReqWrap.onlookup [as oncomplete] (node:dns:71:26)

npm manifest: 
  {
      "dependencies": {
          "@project-serum/anchor": "^0.19.0"
      },
      "devDependencies": {
          "chai": "^4.3.4",
          "mocha": "^9.0.3"
      }
  }

yarn manifest: 
  No manifest

Lockfile: 
  No lockfile
